PRT1
28
67
4 0 6 (0 368 80 ) (0 368 16 ) (0 288 16 ) (0 288 80 ) 
4 0 5 (0 288 272 ) (0 368 272 ) (0 368 80 ) (0 288 80 ) 
3 0 3 (59.557289 288 16 ) (125.794029 288 16 ) (64 288 30.904099 ) 
3 0 2 (0 288 16 ) (59.557289 288 16 ) (0 288 30.364597 ) 
5 0 1 (125.794029 288 16 ) (240 288 16 ) (240 288 272 ) (0 288 272 ) (0 288 46.340256 ) 
4 1 7 (0 288 80 ) (0 288 46.340256 ) (0 240 46.340256 ) (0 240 80 ) 
4 1 5 (0 240 272 ) (0 288 272 ) (0 288 80 ) (0 240 80 ) 
4 1 3 (125.795715 240 16 ) (64 240 30.904480 ) (64 288 30.903887 ) (125.792969 288 16 ) 
5 1 4 (125.794029 240 16 ) (240 240 16 ) (240 240 272 ) (0 240 272 ) (0 240 46.340256 ) 
4 2 8 (0 288 30.364597 ) (0 288 16 ) (0 240 16 ) (0 240 30.364599 ) 
3 2 4 (0 240 16 ) (59.557289 240 16 ) (0 240 30.364597 ) 
3 3 4 (59.557289 240 16 ) (125.794029 240 16 ) (64 240 30.904099 ) 
4 4 16 (80 0 272 ) (16 0 272 ) (16 0 16 ) (80 0 16 ) 
4 4 15 (240 0 272 ) (80 0 272 ) (80 0 16 ) (240 0 16 ) 
4 4 18 (16 0 272 ) (0 0 272 ) (0 0 16 ) (16 0 16 ) 
4 4 10 (0 0 16 ) (0 0 80 ) (0 240 80 ) (0 240 16 ) 
4 4 5 (0 0 80 ) (0 0 272 ) (0 240 272 ) (0 240 80 ) 
4 5 22 (-208 0 272 ) (-576 0 272 ) (-576 0 80 ) (-208 0 80 ) 
4 5 21 (-144 0 272 ) (-208 0 272 ) (-208 0 80 ) (-144 0 80 ) 
4 5 20 (0 0 80 ) (0 0 272 ) (-144 0 272 ) (-144 0 80 ) 
4 5 12 (-432 368 80 ) (-368 368 80 ) (-368 272 80 ) (-432 272 80 ) 
4 5 13 (-368 208 80 ) (-368 0 80 ) (-432 0 80 ) (-432 208 80 ) 
4 5 14 (-576 0 80 ) (-576 368 80 ) (-432 368 80 ) (-432 0 80 ) 
4 5 11 (-368 368 80 ) (-208 368 80 ) (-208 0 80 ) (-368 0 80 ) 
4 5 9 (-139.557007 240 80 ) (-144 240 80 ) (-144 288 80 ) (-139.557007 288 80 ) 
4 5 7 (0 288 80 ) (0 240 80 ) (-139.557007 240 80 ) (-139.557007 288 80 ) 
4 5 6 (-144 368 80 ) (0 368 80 ) (0 288 80 ) (-144 288 80 ) 
4 5 10 (0 240 80 ) (0 0 80 ) (-144 0 80 ) (-144 240 80 ) 
3 6 9 (-144 288 80 ) (-144 288 65.095901 ) (-139.557007 288 80 ) 
4 6 8 (-144 288 65.095901 ) (-144 288 16 ) (0 288 16 ) (0 288 30.364599 ) 
3 6 7 (0 288 46.340256 ) (0 288 80 ) (-139.557007 288 80 ) 
3 7 10 (0 240 46.340256 ) (0 240 80 ) (-139.557007 240 80 ) 
4 8 10 (-144 240 65.095901 ) (-144 240 16 ) (0 240 16 ) (0 240 30.364599 ) 
3 9 10 (-144 240 80 ) (-144 240 65.095901 ) (-139.557007 240 80 ) 
4 10 20 (0 0 16 ) (0 0 80 ) (-144 0 80 ) (-144 0 16 ) 
4 11 22 (-208 0 80 ) (-368 0 80 ) (-368 0 16 ) (-208 0 16 ) 
4 11 12 (-368 272 80 ) (-368 368 80 ) (-368 368 16 ) (-368 272 16 ) 
4 11 13 (-368 0 80 ) (-368 208 80 ) (-368 208 16 ) (-368 0 16 ) 
4 12 14 (-432 272 80 ) (-432 368 80 ) (-432 368 16 ) (-432 272 16 ) 
4 13 22 (-368 0 80 ) (-432 0 80 ) (-432 0 16 ) (-368 0 16 ) 
4 13 14 (-432 0 80 ) (-432 208 80 ) (-432 208 16 ) (-432 0 16 ) 
4 14 22 (-432 0 80 ) (-576 0 80 ) (-576 0 16 ) (-432 0 16 ) 
4 15 19 (80 -112 16 ) (240 -112 16 ) (240 -112 272 ) (80 -112 272 ) 
4 15 17 (80 -112 80 ) (80 -112 272 ) (80 -48 272 ) (80 -48 80 ) 
4 15 16 (80 0 16 ) (80 -48 16 ) (80 -48 272 ) (80 0 272 ) 
4 16 17 (16 -48 272 ) (16 -48 80 ) (80 -48 80 ) (80 -48 272 ) 
4 16 18 (16 0 16 ) (16 -48 16 ) (16 -48 272 ) (16 0 272 ) 
4 17 19 (80 -112 80 ) (80 -112 272 ) (16 -112 272 ) (16 -112 80 ) 
4 17 18 (16 -112 80 ) (16 -112 272 ) (16 -48 272 ) (16 -48 80 ) 
4 18 20 (0 0 272 ) (0 0 16 ) (0 -112 16 ) (0 -112 272 ) 
4 18 19 (0 -112 16 ) (16 -112 16 ) (16 -112 272 ) (0 -112 272 ) 
4 19 20 (0 -112 16 ) (0 -288 16 ) (0 -288 272 ) (0 -112 272 ) 
4 20 21 (-144 -288 80 ) (-144 -288 272 ) (-144 0 272 ) (-144 0 80 ) 
4 21 26 (-208 -176 81.071594 ) (-208 -176 80 ) (-208 -224 80 ) (-208 -224 81.071602 ) 
4 21 23 (-208 -224 272 ) (-208 -176 272 ) (-208 -176 81.071594 ) (-208 -224 81.071602 ) 
4 21 22 (-208 -176 272 ) (-208 0 272 ) (-208 0 80 ) (-208 -176 80 ) 
4 21 27 (-208 -288 80 ) (-208 -288 272 ) (-208 -224 272 ) (-208 -224 80 ) 
3 22 26 (-208 -176 65.095901 ) (-208 -176 81.071602 ) (-212.442993 -176 80 ) 
3 22 25 (-477.794006 -176 16 ) (-411.557007 -176 16 ) (-416 -176 30.904091 ) 
3 22 24 (-411.557007 -176 16 ) (-208 -176 16 ) (-208 -176 65.095901 ) 
5 22 23 (-576 -176 272 ) (-576 -176 16 ) (-477.794006 -176 16 ) (-208 -176 81.071602 ) (-208 -176 272 ) 
4 23 26 (-208 -224 81.072266 ) (-212.443176 -224 80 ) (-212.442917 -176 80 ) (-208 -176 81.071365 ) 
4 23 25 (-416 -224 30.904758 ) (-477.797028 -224 16 ) (-477.793060 -176 16 ) (-416 -176 30.903877 ) 
5 23 27 (-576 -224 272 ) (-576 -224 16 ) (-477.794006 -224 16 ) (-208 -224 81.071602 ) (-208 -224 272 ) 
3 24 27 (-411.557007 -224 16 ) (-208 -224 16 ) (-208 -224 65.095901 ) 
3 25 27 (-477.794006 -224 16 ) (-411.557007 -224 16 ) (-416 -224 30.904091 ) 
3 26 27 (-208 -224 65.095901 ) (-208 -224 81.071602 ) (-212.442993 -224 80 ) 
