PRT1
93
317
4 0 22 (0 384 383.359985 ) (0 576 383.359985 ) (0 576 16 ) (0 384 16 ) 
4 0 20 (0 384 16 ) (0 576 16 ) (256 576 16 ) (256 384 16 ) 
4 0 19 (256 576 16 ) (463.738007 576 16 ) (463.738007 384 16 ) (256 384 16 ) 
4 0 3 (240 384 288 ) (240 384 383.359985 ) (0 384 383.359985 ) (0 384 288 ) 
4 0 2 (256 384 272 ) (256 384 383.359985 ) (240 384 383.359985 ) (240 384 272 ) 
4 0 1 (256 384 16 ) (463.738007 384 16 ) (463.738007 384 383.359985 ) (256 384 383.359985 ) 
4 1 52 (463.738007 0 383.359985 ) (256 0 383.359985 ) (256 0 16 ) (463.738007 0 16 ) 
4 1 19 (463.738007 0 16 ) (256 0 16 ) (256 384 16 ) (463.738007 384 16 ) 
4 1 2 (256 384 383.359985 ) (256 384 272 ) (256 0 272 ) (256 0 383.359985 ) 
4 2 53 (256 0 383.359985 ) (240 0 383.359985 ) (240 0 272 ) (256 0 272 ) 
4 2 8 (240 144 272 ) (240 0 272 ) (240 0 383.359985 ) (240 144 383.359985 ) 
4 2 4 (240 368 272 ) (240 144 272 ) (240 144 383.359985 ) (240 368 383.359985 ) 
4 2 3 (240 384 383.359985 ) (240 384 288 ) (240 368 288 ) (240 368 383.359985 ) 
4 3 23 (0 368 383.359985 ) (0 384 383.359985 ) (0 384 288 ) (0 368 288 ) 
4 3 5 (64 368 383.359985 ) (47.082104 368 383.359985 ) (47.082104 368 288 ) (64 368 288 ) 
4 3 4 (240 368 288 ) (240 368 383.359985 ) (64 368 383.359985 ) (64 368 288 ) 
4 3 7 (47.082104 368 383.359985 ) (0 368 383.359985 ) (0 368 288 ) (47.082104 368 288 ) 
4 4 15 (240 240 80 ) (240 144 80 ) (64 144 80 ) (64 240 80 ) 
4 4 14 (240 288 80 ) (240 240 80 ) (64 240 80 ) (64 288 80 ) 
4 4 12 (64 368 80 ) (240 368 80 ) (240 288 80 ) (64 288 80 ) 
4 4 8 (64 144 80 ) (240 144 80 ) (240 144 383.359985 ) (64 144 383.359985 ) 
4 4 6 (64 144 98 ) (64 144 383.359985 ) (64 160 383.359985 ) (64 160 98 ) 
4 4 5 (64 368 383.359985 ) (64 368 80 ) (64 160 80 ) (64 160 383.359985 ) 
4 5 16 (64 240 80 ) (64 208 80 ) (47.082104 208 80 ) (47.082104 240 80 ) 
4 5 14 (64 288 80 ) (64 240 80 ) (47.082104 240 80 ) (47.082104 288 80 ) 
4 5 12 (47.082104 368 80 ) (64 368 80 ) (64 288 80 ) (47.082104 288 80 ) 
4 5 6 (47.082104 160 383.359985 ) (47.082104 160 98 ) (64 160 98 ) (64 160 383.359985 ) 
4 5 7 (47.082104 368 383.359985 ) (47.082104 368 80 ) (47.082104 160 80 ) (47.082104 160 383.359985 ) 
4 6 9 (56 144 383.359985 ) (47.082104 144 383.359985 ) (47.082104 144 98 ) (56 144 98 ) 
4 6 8 (64 144 98 ) (64 144 383.359985 ) (56 144 383.359985 ) (56 144 98 ) 
4 6 7 (47.082104 144 98 ) (47.082104 144 383.359985 ) (47.082104 160 383.359985 ) (47.082104 160 98 ) 
4 7 32 (0 240 80 ) (0 144 80 ) (0 144 176 ) (0 240 176 ) 
4 7 31 (0 288 80 ) (0 240 80 ) (0 240 176 ) (0 288 176 ) 
4 7 29 (0 368 176 ) (0 368 80 ) (0 288 80 ) (0 288 176 ) 
4 7 24 (0 368 288 ) (0 368 176 ) (0 144 176 ) (0 144 288 ) 
4 7 23 (0 144 383.359985 ) (0 368 383.359985 ) (0 368 288 ) (0 144 288 ) 
4 7 16 (0 208 80 ) (0 240 80 ) (47.082104 240 80 ) (47.082104 208 80 ) 
4 7 14 (0 240 80 ) (0 288 80 ) (47.082104 288 80 ) (47.082104 240 80 ) 
4 7 12 (0 288 80 ) (0 368 80 ) (47.082104 368 80 ) (47.082104 288 80 ) 
4 7 9 (0 144 80 ) (47.082104 144 80 ) (47.082104 144 383.359985 ) (0 144 383.359985 ) 
4 8 55 (240 0 383.359985 ) (56 0 383.359985 ) (56 0 80 ) (240 0 80 ) 
4 8 17 (56 144 80 ) (64 144 80 ) (64 128 80 ) (56 128 80 ) 
4 8 18 (64 64 80 ) (64 0 80 ) (56 0 80 ) (56 64 80 ) 
4 8 15 (64 144 80 ) (240 144 80 ) (240 0 80 ) (64 0 80 ) 
4 8 10 (56 56 144 ) (56 56 383.359985 ) (56 120 383.359985 ) (56 120 144 ) 
4 8 9 (56 144 383.359985 ) (56 144 80 ) (56 120 80 ) (56 120 383.359985 ) 
4 8 11 (56 56 80 ) (56 0 80 ) (56 0 383.359985 ) (56 56 383.359985 ) 
4 9 32 (0 144 176 ) (0 144 80 ) (0 120 80 ) (0 120 176 ) 
4 9 24 (0 144 288 ) (0 144 176 ) (0 120 176 ) (0 120 288 ) 
4 9 23 (0 120 383.359985 ) (0 144 383.359985 ) (0 144 288 ) (0 120 288 ) 
4 9 17 (0 128 80 ) (0 144 80 ) (56 144 80 ) (56 128 80 ) 
4 9 10 (56 120 144 ) (56 120 383.359985 ) (0 120 383.359985 ) (0 120 144 ) 
4 10 33 (0 120 176 ) (0 120 144 ) (0 56 144 ) (0 56 176 ) 
4 10 25 (0 56 180 ) (0 56 288 ) (0 64 288 ) (0 64 180 ) 
4 10 24 (0 120 288 ) (0 120 176 ) (0 64 176 ) (0 64 288 ) 
4 10 23 (0 56 383.359985 ) (0 120 383.359985 ) (0 120 288 ) (0 56 288 ) 
4 10 11 (56 56 144 ) (56 56 383.359985 ) (0 56 383.359985 ) (0 56 144 ) 
4 11 55 (56 0 383.359985 ) (0 0 383.359985 ) (0 0 80 ) (56 0 80 ) 
4 11 35 (0 0 80 ) (0 0 176 ) (0 56 176 ) (0 56 80 ) 
4 11 25 (0 24 288 ) (0 56 288 ) (0 56 180 ) (0 24 180 ) 
4 11 26 (0 0 176 ) (0 0 288 ) (0 24 288 ) (0 24 176 ) 
4 11 23 (0 0 288 ) (0 0 383.359985 ) (0 56 383.359985 ) (0 56 288 ) 
4 11 18 (0 0 80 ) (0 56 80 ) (56 56 80 ) (56 0 80 ) 
4 12 29 (0 288 80 ) (0 368 80 ) (0 368 16 ) (0 288 16 ) 
5 12 14 (64 288 16 ) (240 288 16 ) (240 288 80 ) (0 288 80 ) (0 288 35.692303 ) 
3 12 13 (0 288 16 ) (59.557915 288 16 ) (0 288 33.555077 ) 
4 13 30 (0 288 33.555077 ) (0 288 16 ) (0 240 16 ) (0 240 33.555077 ) 
3 13 16 (0 240 16 ) (59.557915 240 16 ) (0 240 33.555077 ) 
4 14 31 (0 240 80 ) (0 288 80 ) (0 288 35.692303 ) (0 240 35.692303 ) 
4 14 16 (64 240 16 ) (64 240 80 ) (0 240 80 ) (0 240 35.692303 ) 
4 14 15 (64 240 16 ) (240 240 16 ) (240 240 80 ) (64 240 80 ) 
4 15 55 (64 0 16 ) (240 0 16 ) (240 0 80 ) (64 0 80 ) 
4 15 17 (64 144 16 ) (64 128 16 ) (64 128 80 ) (64 144 80 ) 
4 15 18 (64 64 16 ) (64 0 16 ) (64 0 80 ) (64 64 80 ) 
4 15 16 (64 240 80 ) (64 240 16 ) (64 208 16 ) (64 208 80 ) 
4 16 32 (0 208 80 ) (0 240 80 ) (0 240 16 ) (0 208 16 ) 
4 17 32 (0 128 80 ) (0 144 80 ) (0 144 16 ) (0 128 16 ) 
4 18 55 (0 0 80 ) (0 0 16 ) (64 0 16 ) (64 0 80 ) 
4 18 34 (0 56 80 ) (0 64 80 ) (0 64 16 ) (0 56 16 ) 
4 18 35 (0 0 16 ) (0 0 80 ) (0 56 80 ) (0 56 16 ) 
4 19 58 (463.738007 0 16 ) (256 0 16 ) (256 0 -127.360008 ) (463.738007 0 -127.360008 ) 
4 19 21 (256 384 -127.360008 ) (256 0 -127.360008 ) (256 0 0 ) (256 384 0 ) 
4 19 20 (256 576 16 ) (256 576 -127.360008 ) (256 384 -127.360008 ) (256 384 16 ) 
4 20 22 (0 384 16 ) (0 576 16 ) (0 576 -127.360008 ) (0 384 -127.360008 ) 
4 20 21 (0 384 -127.360008 ) (256 384 -127.360008 ) (256 384 0 ) (0 384 0 ) 
4 21 59 (0 0 0 ) (0 0 -127.360008 ) (256 0 -127.360008 ) (256 0 0 ) 
4 21 49 (0 0 -127.360008 ) (0 0 0 ) (0 384 0 ) (0 384 -127.360008 ) 
4 22 50 (-592 384 -127.360008 ) (-576 384 -127.360008 ) (-576 384 0 ) (-592 384 0 ) 
4 22 51 (-911.737976 384 -127.360008 ) (-592 384 -127.360008 ) (-592 384 16 ) (-911.737976 384 16 ) 
4 22 49 (-576 384 -127.360008 ) (0 384 -127.360008 ) (0 384 0 ) (-576 384 0 ) 
4 22 48 (-592 384 383.359985 ) (-911.737976 384 383.359985 ) (-911.737976 384 16 ) (-592 384 16 ) 
4 22 23 (0 384 288 ) (0 384 383.359985 ) (-592 384 383.359985 ) (-592 384 288 ) 
4 23 76 (-576 0 383.359985 ) (-592 0 383.359985 ) (-592 0 288 ) (-576 0 288 ) 
4 23 75 (-416 0 383.359985 ) (-576 0 383.359985 ) (-576 0 288 ) (-416 0 288 ) 
4 23 69 (-344 0 383.359985 ) (-408 0 383.359985 ) (-408 0 288 ) (-344 0 288 ) 
4 23 71 (-408 0 383.359985 ) (-416 0 383.359985 ) (-416 0 288 ) (-408 0 288 ) 
4 23 66 (-320 0 383.359985 ) (-336 0 383.359985 ) (-336 0 288 ) (-320 0 288 ) 
4 23 65 (-208 0 383.359985 ) (-320 0 383.359985 ) (-320 0 288 ) (-208 0 288 ) 
4 23 68 (-336 0 383.359985 ) (-344 0 383.359985 ) (-344 0 288 ) (-336 0 288 ) 
4 23 64 (-144 0 383.359985 ) (-208 0 383.359985 ) (-208 0 288 ) (-144 0 288 ) 
4 23 63 (-32 0 383.359985 ) (-144 0 383.359985 ) (-144 0 288 ) (-32 0 288 ) 
4 23 62 (-16 0 383.359985 ) (-32 0 383.359985 ) (-32 0 288 ) (-16 0 288 ) 
4 23 61 (0 0 288 ) (0 0 383.359985 ) (-16 0 383.359985 ) (-16 0 288 ) 
4 23 48 (-592 384 383.359985 ) (-592 384 288 ) (-592 0 288 ) (-592 0 383.359985 ) 
4 23 28 (-592 0 288 ) (-592 368 288 ) (-576 368 288 ) (-576 0 288 ) 
4 23 27 (-352 368 288 ) (-352 0 288 ) (-576 0 288 ) (-576 368 288 ) 
4 23 25 (0 64 288 ) (0 24 288 ) (-352 24 288 ) (-352 64 288 ) 
4 23 24 (0 368 288 ) (0 64 288 ) (-352 64 288 ) (-352 368 288 ) 
4 23 26 (0 24 288 ) (0 0 288 ) (-352 0 288 ) (-352 24 288 ) 
4 24 42 (-352 64 176 ) (-352 368 176 ) (-344 368 176 ) (-344 64 176 ) 
4 24 41 (-344 368 176 ) (-336 368 176 ) (-336 64 176 ) (-344 64 176 ) 
4 24 39 (-208 368 176 ) (-144 368 176 ) (-144 64 176 ) (-208 64 176 ) 
4 24 40 (-320 368 176 ) (-208 368 176 ) (-208 64 176 ) (-320 64 176 ) 
4 24 37 (-32 224 176 ) (-32 240 176 ) (-16 240 176 ) (-16 224 176 ) 
4 24 36 (-8 64 176 ) (-16 64 176 ) (-16 240 176 ) (-8 240 176 ) 
4 24 38 (-32 64 176 ) (-144 64 176 ) (-144 240 176 ) (-32 240 176 ) 
4 24 33 (0 120 176 ) (0 64 176 ) (-8 64 176 ) (-8 120 176 ) 
4 24 32 (0 240 176 ) (0 120 176 ) (-8 120 176 ) (-8 240 176 ) 
4 24 31 (0 288 176 ) (0 240 176 ) (-144 240 176 ) (-144 288 176 ) 
4 24 29 (-144 368 176 ) (0 368 176 ) (0 288 176 ) (-144 288 176 ) 
4 24 27 (-352 368 176 ) (-352 64 176 ) (-352 64 288 ) (-352 368 288 ) 
4 24 25 (-352 64 288 ) (-352 64 180 ) (0 64 180 ) (0 64 288 ) 
4 25 27 (-352 24 180 ) (-352 24 288 ) (-352 64 288 ) (-352 64 180 ) 
4 25 26 (-352 24 288 ) (-352 24 180 ) (0 24 180 ) (0 24 288 ) 
4 26 69 (-344 0 288 ) (-352 0 288 ) (-352 0 176 ) (-344 0 176 ) 
4 26 66 (-320 0 288 ) (-336 0 288 ) (-336 0 176 ) (-320 0 176 ) 
4 26 65 (-208 0 288 ) (-320 0 288 ) (-320 0 176 ) (-208 0 176 ) 
4 26 68 (-336 0 288 ) (-344 0 288 ) (-344 0 176 ) (-336 0 176 ) 
4 26 64 (-144 0 288 ) (-208 0 288 ) (-208 0 176 ) (-144 0 176 ) 
4 26 63 (-32 0 288 ) (-144 0 288 ) (-144 0 176 ) (-32 0 176 ) 
4 26 62 (-16 0 288 ) (-32 0 288 ) (-32 0 176 ) (-16 0 176 ) 
4 26 61 (0 0 176 ) (0 0 288 ) (-16 0 288 ) (-16 0 176 ) 
4 26 43 (-344 0 176 ) (-352 0 176 ) (-352 24 176 ) (-344 24 176 ) 
4 26 41 (-336 0 176 ) (-344 0 176 ) (-344 24 176 ) (-336 24 176 ) 
4 26 39 (-144 0 176 ) (-208 0 176 ) (-208 24 176 ) (-144 24 176 ) 
4 26 40 (-208 0 176 ) (-320 0 176 ) (-320 24 176 ) (-208 24 176 ) 
4 26 36 (-8 0 176 ) (-16 0 176 ) (-16 24 176 ) (-8 24 176 ) 
4 26 38 (-32 0 176 ) (-144 0 176 ) (-144 24 176 ) (-32 24 176 ) 
4 26 35 (0 0 176 ) (-8 0 176 ) (-8 24 176 ) (0 24 176 ) 
4 26 27 (-352 24 176 ) (-352 0 176 ) (-352 0 288 ) (-352 24 288 ) 
4 27 75 (-416 0 288 ) (-576 0 288 ) (-576 0 176 ) (-416 0 176 ) 
4 27 69 (-352 0 288 ) (-408 0 288 ) (-408 0 176 ) (-352 0 176 ) 
4 27 71 (-408 0 288 ) (-416 0 288 ) (-416 0 176 ) (-408 0 176 ) 
4 27 43 (-352 0 176 ) (-408 0 176 ) (-408 24 176 ) (-352 24 176 ) 
4 27 42 (-408 24 176 ) (-408 368 176 ) (-352 368 176 ) (-352 24 176 ) 
4 27 44 (-408 0 176 ) (-576 0 176 ) (-576 368 176 ) (-408 368 176 ) 
4 27 28 (-576 0 272 ) (-576 0 288 ) (-576 368 288 ) (-576 368 272 ) 
4 28 76 (-576 0 288 ) (-592 0 288 ) (-592 0 272 ) (-576 0 272 ) 
4 28 48 (-592 0 272 ) (-592 0 288 ) (-592 368 288 ) (-592 368 272 ) 
4 29 39 (-144 368 176 ) (-144 368 80 ) (-144 288 80 ) (-144 288 176 ) 
4 29 31 (-144 288 176 ) (-144 288 80 ) (0 288 35.692303 ) (0 288 176 ) 
4 29 30 (-144 288 76 ) (-144 288 16 ) (0 288 16 ) (0 288 33.555077 ) 
4 30 37 (-32 240 16 ) (-16 240 16 ) (-16 240 38.271179 ) (-32 240 42.987282 ) 
4 30 36 (-16 240 16 ) (-8 240 16 ) (-8 240 35.913128 ) (-16 240 38.271179 ) 
4 30 38 (-144 240 76 ) (-144 240 16 ) (-32 240 16 ) (-32 240 42.987282 ) 
4 30 32 (-8 240 16 ) (0 240 16 ) (0 240 33.555077 ) (-8 240 35.913128 ) 
4 31 39 (-144 240 80 ) (-144 240 176 ) (-144 288 176 ) (-144 288 80 ) 
4 31 37 (-32 240 45.538460 ) (-16 240 40.615383 ) (-16 240 176 ) (-32 240 176 ) 
4 31 36 (-16 240 40.615383 ) (-8 240 38.153843 ) (-8 240 176 ) (-16 240 176 ) 
4 31 38 (-144 240 176 ) (-144 240 80 ) (-32 240 45.538460 ) (-32 240 176 ) 
4 31 32 (-8 240 38.153843 ) (0 240 35.692303 ) (0 240 176 ) (-8 240 176 ) 
4 32 36 (-8 240 176 ) (-8 240 16 ) (-8 120 16 ) (-8 120 176 ) 
4 32 33 (-8 120 176 ) (-8 120 144 ) (0 120 144 ) (0 120 176 ) 
4 32 34 (-8 120 80 ) (-8 120 16 ) (0 120 16 ) (0 120 80 ) 
4 33 36 (-8 56 144 ) (-8 56 176 ) (-8 120 176 ) (-8 120 144 ) 
4 33 35 (-8 56 176 ) (-8 56 144 ) (0 56 144 ) (0 56 176 ) 
4 34 36 (-8 120 16 ) (-8 56 16 ) (-8 56 80 ) (-8 120 80 ) 
4 34 35 (-8 56 80 ) (-8 56 16 ) (0 56 16 ) (0 56 80 ) 
4 35 61 (0 0 16 ) (0 0 176 ) (-8 0 176 ) (-8 0 16 ) 
4 35 36 (-8 56 16 ) (-8 0 16 ) (-8 0 176 ) (-8 56 176 ) 
4 36 61 (-8 0 176 ) (-16 0 176 ) (-16 0 16 ) (-8 0 16 ) 
4 36 37 (-16 240 176 ) (-16 240 16 ) (-16 224 16 ) (-16 224 176 ) 
4 37 38 (-32 240 176 ) (-32 240 16 ) (-32 224 16 ) (-32 224 176 ) 
4 38 63 (-32 0 176 ) (-144 0 176 ) (-144 0 16 ) (-32 0 16 ) 
4 38 39 (-144 0 80 ) (-144 0 176 ) (-144 240 176 ) (-144 240 80 ) 
4 39 64 (-144 0 176 ) (-208 0 176 ) (-208 0 80 ) (-144 0 80 ) 
4 39 40 (-208 368 176 ) (-208 368 80 ) (-208 0 80 ) (-208 0 176 ) 
4 40 77 (-320 0 80 ) (-320 0 16 ) (-208 0 16 ) (-208 0 80 ) 
4 40 65 (-208 0 176 ) (-320 0 176 ) (-320 0 80 ) (-208 0 80 ) 
4 41 68 (-336 0 176 ) (-344 0 176 ) (-344 0 80 ) (-336 0 80 ) 
4 41 45 (-344 368 80 ) (-336 368 80 ) (-336 0 80 ) (-344 0 80 ) 
4 41 43 (-344 0 144 ) (-344 0 176 ) (-344 24 176 ) (-344 24 144 ) 
4 41 42 (-344 368 176 ) (-344 368 80 ) (-344 24 80 ) (-344 24 176 ) 
4 42 46 (-408 368 80 ) (-352 368 80 ) (-352 24 80 ) (-408 24 80 ) 
4 42 45 (-352 368 80 ) (-344 368 80 ) (-344 24 80 ) (-352 24 80 ) 
4 42 43 (-408 24 176 ) (-408 24 144 ) (-344 24 144 ) (-344 24 176 ) 
4 42 44 (-408 368 176 ) (-408 368 80 ) (-408 24 80 ) (-408 24 176 ) 
4 43 69 (-344 0 176 ) (-408 0 176 ) (-408 0 144 ) (-344 0 144 ) 
4 43 44 (-408 0 144 ) (-408 0 176 ) (-408 24 176 ) (-408 24 144 ) 
4 44 75 (-416 0 176 ) (-576 0 176 ) (-576 0 80 ) (-416 0 80 ) 
4 44 71 (-408 0 176 ) (-416 0 176 ) (-416 0 80 ) (-408 0 80 ) 
4 44 46 (-416 368 80 ) (-408 368 80 ) (-408 16 80 ) (-416 16 80 ) 
4 44 47 (-576 368 80 ) (-416 368 80 ) (-416 0 80 ) (-576 0 80 ) 
4 45 78 (-352 0 16 ) (-336 0 16 ) (-336 0 80 ) (-352 0 80 ) 
4 45 46 (-352 16 80 ) (-352 368 80 ) (-352 368 16 ) (-352 16 16 ) 
4 46 47 (-416 16 80 ) (-416 368 80 ) (-416 368 16 ) (-416 16 16 ) 
4 47 81 (-576 0 16 ) (-416 0 16 ) (-416 0 80 ) (-576 0 80 ) 
4 48 89 (-592 0 383.359985 ) (-911.737976 0 383.359985 ) (-911.737976 0 16 ) (-592 0 16 ) 
4 48 51 (-592 0 16 ) (-911.737976 0 16 ) (-911.737976 384 16 ) (-592 384 16 ) 
4 49 91 (0 0 -127.360008 ) (0 0 0 ) (-576 0 0 ) (-576 0 -127.360008 ) 
4 49 50 (-576 384 0 ) (-576 384 -127.360008 ) (-576 0 -127.360008 ) (-576 0 0 ) 
4 50 91 (-592 0 0 ) (-592 0 -127.360008 ) (-576 0 -127.360008 ) (-576 0 0 ) 
4 50 51 (-592 384 0 ) (-592 384 -127.360008 ) (-592 0 -127.360008 ) (-592 0 0 ) 
4 51 90 (-592 0 16 ) (-911.737976 0 16 ) (-911.737976 0 0 ) (-592 0 0 ) 
4 51 91 (-911.737976 0 0 ) (-911.737976 0 -127.360008 ) (-592 0 -127.360008 ) (-592 0 0 ) 
4 52 60 (463.738007 -320 16 ) (463.738007 -480 16 ) (256 -480 16 ) (256 -320 16 ) 
4 52 58 (256 0 16 ) (463.738007 0 16 ) (463.738007 -320 16 ) (256 -320 16 ) 
4 52 53 (256 -320 272 ) (256 -320 383.359985 ) (256 0 383.359985 ) (256 0 272 ) 
4 52 54 (256 -320 16 ) (256 -480 16 ) (256 -480 383.359985 ) (256 -320 383.359985 ) 
4 53 56 (240 -304 383.359985 ) (240 -288 383.359985 ) (240 -288 280 ) (240 -304 280 ) 
4 53 55 (240 -288 383.359985 ) (240 0 383.359985 ) (240 0 272 ) (240 -288 272 ) 
4 53 57 (240 -320 272 ) (240 -320 383.359985 ) (240 -304 383.359985 ) (240 -304 272 ) 
4 53 54 (240 -320 383.359985 ) (240 -320 272 ) (256 -320 272 ) (256 -320 383.359985 ) 
4 54 60 (256 -320 16 ) (256 -480 16 ) (240 -480 16 ) (240 -320 16 ) 
4 54 57 (240 -320 16 ) (240 -480 16 ) (240 -480 383.359985 ) (240 -320 383.359985 ) 
4 55 61 (0 0 383.359985 ) (0 0 16 ) (0 -288 16 ) (0 -288 383.359985 ) 
4 55 56 (240 -288 280 ) (240 -288 383.359985 ) (0 -288 383.359985 ) (0 -288 280 ) 
4 56 86 (0 -304 280 ) (0 -304 383.359985 ) (0 -288 383.359985 ) (0 -288 280 ) 
4 56 57 (240 -304 280 ) (240 -304 383.359985 ) (0 -304 383.359985 ) (0 -304 280 ) 
4 57 92 (0 -320 16 ) (0 -480 16 ) (0 -480 383.359985 ) (0 -320 383.359985 ) 
4 57 87 (0 -304 16 ) (0 -320 16 ) (0 -320 280 ) (0 -304 280 ) 
4 57 86 (0 -320 280 ) (0 -320 383.359985 ) (0 -304 383.359985 ) (0 -304 280 ) 
4 57 60 (0 -480 16 ) (0 -320 16 ) (240 -320 16 ) (240 -480 16 ) 
4 58 60 (256 -320 -127.360008 ) (463.738007 -320 -127.360008 ) (463.738007 -320 16 ) (256 -320 16 ) 
4 58 59 (256 0 -127.360008 ) (256 -320 -127.360008 ) (256 -320 0 ) (256 0 0 ) 
4 59 91 (0 0 0 ) (0 0 -127.360008 ) (0 -320 -127.360008 ) (0 -320 0 ) 
4 59 60 (0 -320 -127.360008 ) (256 -320 -127.360008 ) (256 -320 0 ) (0 -320 0 ) 
4 60 92 (0 -320 -127.360008 ) (0 -480 -127.360008 ) (0 -480 16 ) (0 -320 16 ) 
4 61 86 (0 -288 280 ) (0 -288 383.359985 ) (-16 -288 383.359985 ) (-16 -288 280 ) 
4 61 62 (-16 -288 176 ) (-16 -288 383.359985 ) (-16 0 383.359985 ) (-16 0 176 ) 
4 62 86 (-16 -288 280 ) (-16 -288 383.359985 ) (-32 -288 383.359985 ) (-32 -288 280 ) 
4 62 63 (-32 -288 176 ) (-32 -288 383.359985 ) (-32 0 383.359985 ) (-32 0 176 ) 
4 63 86 (-32 -288 280 ) (-32 -288 383.359985 ) (-144 -288 383.359985 ) (-144 -288 280 ) 
4 63 64 (-144 -288 80 ) (-144 -288 383.359985 ) (-144 0 383.359985 ) (-144 0 80 ) 
4 64 86 (-144 -288 280 ) (-144 -288 383.359985 ) (-208 -288 383.359985 ) (-208 -288 280 ) 
4 64 65 (-208 -288 80 ) (-208 -288 383.359985 ) (-208 0 383.359985 ) (-208 0 80 ) 
4 65 86 (-208 -288 280 ) (-208 -288 383.359985 ) (-320 -288 383.359985 ) (-320 -288 280 ) 
4 65 83 (-208 -176 80 ) (-208 -224 80 ) (-320 -224 80 ) (-320 -176 80 ) 
4 65 82 (-208 -144 80 ) (-208 -176 80 ) (-320 -176 80 ) (-320 -144 80 ) 
4 65 85 (-208 -224 80 ) (-208 -288 80 ) (-320 -288 80 ) (-320 -224 80 ) 
4 65 77 (-208 0 80 ) (-208 -144 80 ) (-320 -144 80 ) (-320 0 80 ) 
4 65 66 (-320 -144 176 ) (-320 -144 383.359985 ) (-320 0 383.359985 ) (-320 0 176 ) 
4 65 67 (-320 -144 80 ) (-320 -288 80 ) (-320 -288 383.359985 ) (-320 -144 383.359985 ) 
4 66 67 (-336 -144 383.359985 ) (-336 -144 176 ) (-320 -144 176 ) (-320 -144 383.359985 ) 
4 66 68 (-336 -144 176 ) (-336 -144 383.359985 ) (-336 0 383.359985 ) (-336 0 176 ) 
4 67 86 (-320 -288 280 ) (-320 -288 383.359985 ) (-336 -288 383.359985 ) (-336 -288 280 ) 
4 67 83 (-336 -224 80 ) (-336 -176 80 ) (-320 -176 80 ) (-320 -224 80 ) 
4 67 82 (-336 -176 80 ) (-336 -144 80 ) (-320 -144 80 ) (-320 -176 80 ) 
4 67 85 (-320 -288 80 ) (-336 -288 80 ) (-336 -224 80 ) (-320 -224 80 ) 
4 67 68 (-336 -144 80 ) (-336 -288 80 ) (-336 -288 383.359985 ) (-336 -144 383.359985 ) 
4 68 86 (-336 -288 280 ) (-336 -288 383.359985 ) (-344 -288 383.359985 ) (-344 -288 280 ) 
4 68 83 (-344 -224 80 ) (-344 -176 80 ) (-336 -176 80 ) (-336 -224 80 ) 
4 68 82 (-344 -176 80 ) (-344 -144 80 ) (-336 -144 80 ) (-336 -176 80 ) 
4 68 85 (-336 -288 80 ) (-344 -288 80 ) (-344 -224 80 ) (-336 -224 80 ) 
4 68 78 (-344 -144 80 ) (-344 0 80 ) (-336 0 80 ) (-336 -144 80 ) 
4 68 72 (-344 -64 80 ) (-344 -288 80 ) (-344 -288 383.359985 ) (-344 -64 383.359985 ) 
4 68 69 (-344 -40 144 ) (-344 -40 383.359985 ) (-344 0 383.359985 ) (-344 0 144 ) 
4 68 70 (-344 -40 80 ) (-344 -64 80 ) (-344 -64 383.359985 ) (-344 -40 383.359985 ) 
4 69 70 (-408 -40 383.359985 ) (-408 -40 144 ) (-344 -40 144 ) (-344 -40 383.359985 ) 
4 69 71 (-408 -40 144 ) (-408 -40 383.359985 ) (-408 0 383.359985 ) (-408 0 144 ) 
4 70 79 (-352 -64 80 ) (-408 -64 80 ) (-408 -48 80 ) (-352 -48 80 ) 
4 70 78 (-344 -40 80 ) (-344 -64 80 ) (-352 -64 80 ) (-352 -40 80 ) 
4 70 73 (-399.082001 -64 96 ) (-399.082001 -64 383.359985 ) (-408 -64 383.359985 ) (-408 -64 96 ) 
4 70 72 (-399.082001 -64 80 ) (-344 -64 80 ) (-344 -64 383.359985 ) (-399.082001 -64 383.359985 ) 
4 70 71 (-408 -40 80 ) (-408 -64 80 ) (-408 -64 383.359985 ) (-408 -40 383.359985 ) 
4 71 79 (-416 -64 80 ) (-416 -48 80 ) (-408 -48 80 ) (-408 -64 80 ) 
4 71 75 (-416 0 80 ) (-416 -64 80 ) (-416 -64 383.359985 ) (-416 0 383.359985 ) 
4 71 73 (-416 -64 383.359985 ) (-416 -64 96 ) (-408 -64 96 ) (-408 -64 383.359985 ) 
4 72 86 (-344 -288 280 ) (-344 -288 383.359985 ) (-399.082001 -288 383.359985 ) (-399.082001 -288 280 ) 
4 72 83 (-399.082001 -224 80 ) (-399.082001 -176 80 ) (-344 -176 80 ) (-344 -224 80 ) 
4 72 82 (-399.082001 -176 80 ) (-399.082001 -144 80 ) (-344 -144 80 ) (-344 -176 80 ) 
4 72 85 (-344 -288 80 ) (-399.082001 -288 80 ) (-399.082001 -224 80 ) (-344 -224 80 ) 
4 72 80 (-399.082001 -144 80 ) (-399.082001 -128 80 ) (-352 -128 80 ) (-352 -144 80 ) 
4 72 78 (-352 -64 80 ) (-344 -64 80 ) (-344 -144 80 ) (-352 -144 80 ) 
4 72 73 (-399.082001 -64 383.359985 ) (-399.082001 -64 96 ) (-399.082001 -80 96 ) (-399.082001 -80 383.359985 ) 
4 72 74 (-399.082001 -80 80 ) (-399.082001 -288 80 ) (-399.082001 -288 383.359985 ) (-399.082001 -80 383.359985 ) 
4 73 75 (-416 -80 96 ) (-416 -80 383.359985 ) (-416 -64 383.359985 ) (-416 -64 96 ) 
4 73 74 (-416 -80 383.359985 ) (-416 -80 96 ) (-399.082001 -80 96 ) (-399.082001 -80 383.359985 ) 
4 74 86 (-399.082001 -288 280 ) (-399.082001 -288 383.359985 ) (-416 -288 383.359985 ) (-416 -288 280 ) 
4 74 83 (-416 -224 80 ) (-416 -176 80 ) (-399.082001 -176 80 ) (-399.082001 -224 80 ) 
4 74 82 (-416 -176 80 ) (-416 -144 80 ) (-399.082001 -144 80 ) (-399.082001 -176 80 ) 
4 74 85 (-399.082001 -288 80 ) (-416 -288 80 ) (-416 -224 80 ) (-399.082001 -224 80 ) 
4 74 80 (-416 -144 80 ) (-416 -128 80 ) (-399.082001 -128 80 ) (-399.082001 -144 80 ) 
4 74 75 (-416 -80 80 ) (-416 -288 80 ) (-416 -288 383.359985 ) (-416 -80 383.359985 ) 
4 75 86 (-416 -288 280 ) (-416 -288 383.359985 ) (-576 -288 383.359985 ) (-576 -288 280 ) 
4 75 83 (-576 -224 80 ) (-576 -176 80 ) (-416 -176 80 ) (-416 -224 80 ) 
4 75 82 (-576 -176 80 ) (-576 -144 80 ) (-416 -144 80 ) (-416 -176 80 ) 
4 75 85 (-416 -288 80 ) (-576 -288 80 ) (-576 -224 80 ) (-416 -224 80 ) 
4 75 81 (-576 -144 80 ) (-576 0 80 ) (-416 0 80 ) (-416 -144 80 ) 
4 75 76 (-576 -288 272 ) (-576 -288 383.359985 ) (-576 0 383.359985 ) (-576 0 272 ) 
4 76 86 (-592 -288 383.359985 ) (-592 -288 280 ) (-576 -288 280 ) (-576 -288 383.359985 ) 
4 76 89 (-592 -288 272 ) (-592 -288 383.359985 ) (-592 0 383.359985 ) (-592 0 272 ) 
4 77 82 (-320 -144 16 ) (-208 -144 16 ) (-208 -144 80 ) (-320 -144 80 ) 
4 78 82 (-352 -144 16 ) (-336 -144 16 ) (-336 -144 80 ) (-352 -144 80 ) 
4 78 80 (-352 -128 16 ) (-352 -144 16 ) (-352 -144 80 ) (-352 -128 80 ) 
4 78 79 (-352 -48 16 ) (-352 -64 16 ) (-352 -64 80 ) (-352 -48 80 ) 
4 79 81 (-416 -48 16 ) (-416 -64 16 ) (-416 -64 80 ) (-416 -48 80 ) 
4 80 82 (-416 -144 16 ) (-352 -144 16 ) (-352 -144 80 ) (-416 -144 80 ) 
4 80 81 (-416 -128 16 ) (-416 -144 16 ) (-416 -144 80 ) (-416 -128 80 ) 
4 81 82 (-576 -144 80 ) (-576 -144 16 ) (-416 -144 16 ) (-416 -144 80 ) 
3 82 84 (-411.556000 -176 16 ) (-208 -176 16 ) (-208 -176 76 ) 
4 82 83 (-576 -176 80 ) (-576 -176 16 ) (-420 -176 16 ) (-208 -176 80 ) 
4 83 85 (-576 -224 80 ) (-576 -224 16 ) (-420 -224 16 ) (-208 -224 80 ) 
3 84 85 (-411.556000 -224 16 ) (-208 -224 16 ) (-208 -224 76 ) 
4 86 92 (0 -320 280 ) (0 -320 383.359985 ) (-592 -320 383.359985 ) (-592 -320 280 ) 
4 86 88 (-576 -320 280 ) (-592 -320 280 ) (-592 -304 280 ) (-576 -304 280 ) 
4 86 87 (0 -320 280 ) (-576 -320 280 ) (-576 -304 280 ) (0 -304 280 ) 
4 86 89 (-592 -320 280 ) (-592 -320 383.359985 ) (-592 -288 383.359985 ) (-592 -288 280 ) 
4 87 92 (-576 -320 16 ) (0 -320 16 ) (0 -320 280 ) (-576 -320 280 ) 
4 87 88 (-576 -320 280 ) (-576 -304 280 ) (-576 -304 272 ) (-576 -320 272 ) 
4 88 92 (-576 -320 272 ) (-576 -320 280 ) (-592 -320 280 ) (-592 -320 272 ) 
4 88 89 (-592 -320 272 ) (-592 -320 280 ) (-592 -304 280 ) (-592 -304 272 ) 
4 89 92 (-911.737976 -320 383.359985 ) (-911.737976 -320 16 ) (-592 -320 16 ) (-592 -320 383.359985 ) 
4 89 90 (-592 -320 16 ) (-911.737976 -320 16 ) (-911.737976 0 16 ) (-592 0 16 ) 
4 90 92 (-911.737976 -320 16 ) (-911.737976 -320 0 ) (-592 -320 0 ) (-592 -320 16 ) 
4 90 91 (-592 -320 0 ) (-911.737976 -320 0 ) (-911.737976 0 0 ) (-592 0 0 ) 
4 91 92 (-911.737976 -320 0 ) (-911.737976 -320 -127.360008 ) (0 -320 -127.360008 ) (0 -320 0 ) 
